<?xml version="1.0" encoding="UTF-8"?>
<!-- Generated by org.testng.reporters.JUnitXMLReporter -->
<testsuite ignored="1" hostname="LAPTOP-80V40FTS" failures="0" tests="2" name="Basic Validation" time="0.064" errors="0" timestamp="2021-12-20T14:26:17 IST">
  <testcase classname="TestNg.TestXml" name="test1" time="0.009"/>
  <testcase classname="TestNg.TestXml" name="test2" time="0.002"/>
  <testcase classname="TestNg.TestXml" name="atest3" time="0.0">
    <ignored/>
  </testcase> <!-- atest3 -->
</testsuite> <!-- Basic Validation -->
